#
# There is insufficient memory for the Java Runtime Environment to continue.
# Native memory allocation (malloc) failed to allocate 349056 bytes. Error detail: Chunk::new
# Possible reasons:
#   The system is out of physical RAM or swap space
#   This process is running with CompressedOops enabled, and the Java Heap may be blocking the growth of the native heap
# Possible solutions:
#   Reduce memory load on the system
#   Increase physical memory or swap space
#   Check if swap backing store is full
#   Decrease Java heap size (-Xmx/-Xms)
#   Decrease number of Java threads
#   Decrease Java thread stack sizes (-Xss)
#   Set larger code cache with -XX:ReservedCodeCacheSize=
#   JVM is running with Unscaled Compressed Oops mode in which the Java heap is
#     placed in the first 4GB address space. The Java Heap base address is the
#     maximum limit for the native heap growth. Please use -XX:HeapBaseMinAddress
#     to set the Java Heap base and to place the Java Heap above 4GB virtual address.
# This output file may be truncated or incomplete.
#
#  Out of Memory Error (arena.cpp:168), pid=13552, tid=9384
#
# JRE version: OpenJDK Runtime Environment Temurin-21.0.9+10 (21.0.9+10) (build 21.0.9+10-LTS)
# Java VM: OpenJDK 64-Bit Server VM Temurin-21.0.9+10 (21.0.9+10-LTS, mixed mode, sharing, tiered, compressed oops, compressed class ptrs, parallel gc, windows-amd64)
# No core dump will be written. Minidumps are not enabled by default on client versions of Windows
#

---------------  S U M M A R Y ------------

Command Line: --add-modules=ALL-SYSTEM --add-opens=java.base/java.util=ALL-UNNAMED --add-opens=java.base/java.lang=ALL-UNNAMED --add-opens=java.base/sun.nio.fs=ALL-UNNAMED -Declipse.application=org.eclipse.jdt.ls.core.id1 -Dosgi.bundles.defaultStartLevel=4 -Declipse.product=org.eclipse.jdt.ls.core.product -Djava.import.generatesMetadataFilesAtProjectRoot=false -DDetectVMInstallationsJob.disabled=true -Dfile.encoding=utf8 -XX:+UseParallelGC -XX:GCTimeRatio=4 -XX:AdaptiveSizePolicyWeight=90 -Dsun.zip.disableMemoryMapping=true -Xmx2G -Xms100m -Xlog:disable -javaagent:c:\Users\Dell\.vscode\extensions\redhat.java-1.51.0-win32-x64\lombok\lombok-1.18.39-4050.jar -XX:+HeapDumpOnOutOfMemoryError -XX:HeapDumpPath=c:\Users\Dell\AppData\Roaming\Code\User\workspaceStorage\46e6653c29ec367ecc32eb058086436c\redhat.java -Daether.dependencyCollector.impl=bf c:\Users\Dell\.vscode\extensions\redhat.java-1.51.0-win32-x64\server\plugins\org.eclipse.equinox.launcher_1.7.100.v20251111-0406.jar -configuration c:\Users\Dell\AppData\Roaming\Code\User\globalStorage\redhat.java\1.51.0\config_win -data c:\Users\Dell\AppData\Roaming\Code\User\workspaceStorage\46e6653c29ec367ecc32eb058086436c\redhat.java\jdt_ws --pipe=\\.\pipe\lsp-29664c7017d39d46fac1d46fbbedb916-sock

Host: Intel(R) Core(TM) i3-6006U CPU @ 2.00GHz, 4 cores, 7G,  Windows 10 , 64 bit Build 19041 (10.0.19041.5915)
Time: Sun Jan 18 13:07:31 2026 India Standard Time elapsed time: 98.633752 seconds (0d 0h 1m 38s)

---------------  T H R E A D  ---------------

Current thread (0x0000020f8d252db0):  JavaThread "C2 CompilerThread0" daemon [_thread_in_native, id=9384, stack(0x000000a74fe00000,0x000000a74ff00000) (1024K)]


Current CompileTask:
C2:98633 9655       4       org.eclipse.jdt.internal.core.search.indexing.AddJrtToIndex$JrtTraverser::visitFile (14 bytes)

Stack: [0x000000a74fe00000,0x000000a74ff00000]
Native frames: (J=compiled Java code, j=interpreted, Vv=VM code, C=native code)
V  [jvm.dll+0x6d6e29]
V  [jvm.dll+0x8b4b76]
V  [jvm.dll+0x8b712e]
V  [jvm.dll+0x8b7813]
V  [jvm.dll+0x283d86]
V  [jvm.dll+0xc66ed]
V  [jvm.dll+0xc6c31]
V  [jvm.dll+0x2facee]
V  [jvm.dll+0x5fde44]
V  [jvm.dll+0x255557]
V  [jvm.dll+0x25591d]
V  [jvm.dll+0x24df40]
V  [jvm.dll+0x24b482]
V  [jvm.dll+0x1cb13e]
V  [jvm.dll+0x25b29d]
V  [jvm.dll+0x25982a]
V  [jvm.dll+0x3f7ea6]
V  [jvm.dll+0x85e9ad]
V  [jvm.dll+0x6d565d]
C  [ucrtbase.dll+0x21bb2]
C  [KERNEL32.DLL+0x17374]
C  [ntdll.dll+0x4cc91]


---------------  P R O C E S S  ---------------

Threads class SMR info:
_java_thread_list=0x0000020fec118c40, length=41, elements={
0x0000020f8d360f40, 0x0000020f8d248d70, 0x0000020f8d24a3b0, 0x0000020f8d24dc80,
0x0000020f8d24e8d0, 0x0000020f8d24f520, 0x0000020f8d251f80, 0x0000020f8d252db0,
0x0000020f8d28aac0, 0x0000020fe5ab45a0, 0x0000020fe5c0c8b0, 0x0000020fea2f3760,
0x0000020fea3ef9c0, 0x0000020fea3bee70, 0x0000020f8d2cc8a0, 0x0000020feab0ede0,
0x0000020fea6eb020, 0x0000020fea84ee60, 0x0000020fea176d70, 0x0000020feac27070,
0x0000020feac27700, 0x0000020feac27d90, 0x0000020feac28420, 0x0000020feac29140,
0x0000020feac297d0, 0x0000020feac28ab0, 0x0000020feac29e60, 0x0000020feac2a4f0,
0x0000020fec504cd0, 0x0000020fec501ee0, 0x0000020fec5059f0, 0x0000020fec506080,
0x0000020fec503fb0, 0x0000020fec506710, 0x0000020fec506da0, 0x0000020fec505360,
0x0000020fec503920, 0x0000020fec508150, 0x0000020fec508e70, 0x0000020fec504640,
0x0000020fec502c00
}

Java Threads: ( => current thread )
  0x0000020f8d360f40 JavaThread "main"                              [_thread_blocked, id=1604, stack(0x000000a74f300000,0x000000a74f400000) (1024K)]
  0x0000020f8d248d70 JavaThread "Reference Handler"          daemon [_thread_blocked, id=14136, stack(0x000000a74f800000,0x000000a74f900000) (1024K)]
  0x0000020f8d24a3b0 JavaThread "Finalizer"                  daemon [_thread_blocked, id=12340, stack(0x000000a74f900000,0x000000a74fa00000) (1024K)]
  0x0000020f8d24dc80 JavaThread "Signal Dispatcher"          daemon [_thread_blocked, id=14840, stack(0x000000a74fa00000,0x000000a74fb00000) (1024K)]
  0x0000020f8d24e8d0 JavaThread "Attach Listener"            daemon [_thread_blocked, id=10188, stack(0x000000a74fb00000,0x000000a74fc00000) (1024K)]
  0x0000020f8d24f520 JavaThread "Service Thread"             daemon [_thread_blocked, id=6792, stack(0x000000a74fc00000,0x000000a74fd00000) (1024K)]
  0x0000020f8d251f80 JavaThread "Monitor Deflation Thread"   daemon [_thread_blocked, id=15784, stack(0x000000a74fd00000,0x000000a74fe00000) (1024K)]
=>0x0000020f8d252db0 JavaThread "C2 CompilerThread0"         daemon [_thread_in_native, id=9384, stack(0x000000a74fe00000,0x000000a74ff00000) (1024K)]
  0x0000020f8d28aac0 JavaThread "C1 CompilerThread0"         daemon [_thread_blocked, id=10896, stack(0x000000a74ff00000,0x000000a750000000) (1024K)]
  0x0000020fe5ab45a0 JavaThread "Common-Cleaner"             daemon [_thread_blocked, id=16888, stack(0x000000a750000000,0x000000a750100000) (1024K)]
  0x0000020fe5c0c8b0 JavaThread "Notification Thread"        daemon [_thread_blocked, id=14284, stack(0x000000a750100000,0x000000a750200000) (1024K)]
  0x0000020fea2f3760 JavaThread "Active Thread: Equinox Container: cc366dd8-b5d8-473a-a959-2e84949c55b0"        [_thread_blocked, id=8208, stack(0x000000a750200000,0x000000a750300000) (1024K)]
  0x0000020fea3ef9c0 JavaThread "Refresh Thread: Equinox Container: cc366dd8-b5d8-473a-a959-2e84949c55b0" daemon [_thread_blocked, id=11860, stack(0x000000a750600000,0x000000a750700000) (1024K)]
  0x0000020fea3bee70 JavaThread "Framework Event Dispatcher: Equinox Container: cc366dd8-b5d8-473a-a959-2e84949c55b0" daemon [_thread_blocked, id=14260, stack(0x000000a750700000,0x000000a750800000) (1024K)]
  0x0000020f8d2cc8a0 JavaThread "Start Level: Equinox Container: cc366dd8-b5d8-473a-a959-2e84949c55b0" daemon [_thread_blocked, id=2424, stack(0x000000a750800000,0x000000a750900000) (1024K)]
  0x0000020feab0ede0 JavaThread "Bundle File Closer"         daemon [_thread_blocked, id=1704, stack(0x000000a750900000,0x000000a750a00000) (1024K)]
  0x0000020fea6eb020 JavaThread "SCR Component Actor"        daemon [_thread_blocked, id=8632, stack(0x000000a750a00000,0x000000a750b00000) (1024K)]
  0x0000020fea84ee60 JavaThread "Worker-JM"                         [_thread_blocked, id=12968, stack(0x000000a750b00000,0x000000a750c00000) (1024K)]
  0x0000020fea176d70 JavaThread "JNA Cleaner"                daemon [_thread_blocked, id=8540, stack(0x000000a750c00000,0x000000a750d00000) (1024K)]
  0x0000020feac27070 JavaThread "Worker-0"                          [_thread_blocked, id=5544, stack(0x000000a74f100000,0x000000a74f200000) (1024K)]
  0x0000020feac27700 JavaThread "Worker-1"                          [_thread_blocked, id=13472, stack(0x000000a74f700000,0x000000a74f800000) (1024K)]
  0x0000020feac27d90 JavaThread "Worker-2"                          [_thread_blocked, id=14568, stack(0x000000a750d00000,0x000000a750e00000) (1024K)]
  0x0000020feac28420 JavaThread "Worker-3: Check JDK Index"         [_thread_blocked, id=8804, stack(0x000000a750e00000,0x000000a750f00000) (1024K)]
  0x0000020feac29140 JavaThread "Java indexing"              daemon [_thread_in_Java, id=13820, stack(0x000000a750f00000,0x000000a751000000) (1024K)]
  0x0000020feac297d0 JavaThread "Worker-4: Java indexing... "        [_thread_blocked, id=8852, stack(0x000000a751000000,0x000000a751100000) (1024K)]
  0x0000020feac28ab0 JavaThread "Worker-5"                          [_thread_blocked, id=1160, stack(0x000000a751200000,0x000000a751300000) (1024K)]
  0x0000020feac29e60 JavaThread "Worker-6"                          [_thread_blocked, id=5508, stack(0x000000a751300000,0x000000a751400000) (1024K)]
  0x0000020feac2a4f0 JavaThread "Thread-1"                   daemon [_thread_in_native, id=11732, stack(0x000000a751500000,0x000000a751600000) (1024K)]
  0x0000020fec504cd0 JavaThread "Thread-2"                   daemon [_thread_in_native, id=10224, stack(0x000000a751600000,0x000000a751700000) (1024K)]
  0x0000020fec501ee0 JavaThread "Thread-3"                   daemon [_thread_in_native, id=3108, stack(0x000000a751700000,0x000000a751800000) (1024K)]
  0x0000020fec5059f0 JavaThread "Thread-4"                   daemon [_thread_in_native, id=14364, stack(0x000000a751800000,0x000000a751900000) (1024K)]
  0x0000020fec506080 JavaThread "Thread-5"                   daemon [_thread_in_native, id=7548, stack(0x000000a751900000,0x000000a751a00000) (1024K)]
  0x0000020fec503fb0 JavaThread "pool-2-thread-1"                   [_thread_blocked, id=1764, stack(0x000000a751a00000,0x000000a751b00000) (1024K)]
  0x0000020fec506710 JavaThread "WorkspaceEventsHandler"            [_thread_blocked, id=2920, stack(0x000000a751b00000,0x000000a751c00000) (1024K)]
  0x0000020fec506da0 JavaThread "pool-1-thread-1"                   [_thread_blocked, id=13136, stack(0x000000a751c00000,0x000000a751d00000) (1024K)]
  0x0000020fec505360 JavaThread "Compiler Source File Reader" daemon [_thread_blocked, id=14832, stack(0x000000a751400000,0x000000a751500000) (1024K)]
  0x0000020fec503920 JavaThread "Compiler Source File Reader" daemon [_thread_blocked, id=15240, stack(0x000000a751d00000,0x000000a751e00000) (1024K)]
  0x0000020fec508150 JavaThread "Compiler Processing Task"   daemon [_thread_blocked, id=9760, stack(0x000000a751e00000,0x000000a751f00000) (1024K)]
  0x0000020fec508e70 JavaThread "Compiler Class File Writer" daemon [_thread_blocked, id=1256, stack(0x000000a751f00000,0x000000a752000000) (1024K)]
  0x0000020fec504640 JavaThread "Compiler Class File Writer" daemon [_thread_blocked, id=15636, stack(0x000000a752000000,0x000000a752100000) (1024K)]
  0x0000020fec502c00 JavaThread "ForkJoinPool.commonPool-worker-1" daemon [_thread_blocked, id=15348, stack(0x000000a752100000,0x000000a752200000) (1024K)]
Total: 41

Other Threads:
  0x0000020f8d41cbb0 VMThread "VM Thread"                           [id=11228, stack(0x000000a74f600000,0x000000a74f700000) (1024K)]
  0x0000020f8d3ca160 WatcherThread "VM Periodic Task Thread"        [id=13268, stack(0x000000a74f500000,0x000000a74f600000) (1024K)]
  0x0000020f8d37dc10 WorkerThread "GC Thread#0"                     [id=15312, stack(0x000000a74f400000,0x000000a74f500000) (1024K)]
  0x0000020fea389f00 WorkerThread "GC Thread#1"                     [id=13264, stack(0x000000a750300000,0x000000a750400000) (1024K)]
  0x0000020fea66e5e0 WorkerThread "GC Thread#2"                     [id=5076, stack(0x000000a750400000,0x000000a750500000) (1024K)]
  0x0000020fea66e980 WorkerThread "GC Thread#3"                     [id=13076, stack(0x000000a750500000,0x000000a750600000) (1024K)]
Total: 6

Threads with active compile tasks:
C2 CompilerThread0  98731 9655       4       org.eclipse.jdt.internal.core.search.indexing.AddJrtToIndex$JrtTraverser::visitFile (14 bytes)
Total: 1

VM state: not at safepoint (normal execution)

VM Mutex/Monitor currently owned by a thread: None

Heap address: 0x0000000080000000, size: 2048 MB, Compressed Oops mode: 32-bit

CDS archive(s) mapped at: [0x0000020fa4000000-0x0000020fa4ba0000-0x0000020fa4ba0000), size 12189696, SharedBaseAddress: 0x0000020fa4000000, ArchiveRelocationMode: 1.
Compressed class space mapped at: 0x0000020fa5000000-0x0000020fe5000000, reserved size: 1073741824
Narrow klass base: 0x0000020fa4000000, Narrow klass shift: 0, Narrow klass range: 0x100000000

GC Precious Log:
 CardTable entry size: 512
 CPUs: 4 total, 4 available
 Memory: 8090M
 Large Page Support: Disabled
 NUMA Support: Disabled
 Compressed Oops: Enabled (32-bit)
 Alignments: Space 512K, Generation 512K, Heap 2M
 Heap Min Capacity: 100M
 Heap Initial Capacity: 100M
 Heap Max Capacity: 2G
 Pre-touch: Disabled
 Parallel Workers: 4

Heap:
 PSYoungGen      total 7168K, used 5510K [0x00000000d5580000, 0x00000000d5e00000, 0x0000000100000000)
  eden space 5632K, 74% used [0x00000000d5580000,0x00000000d5995a90,0x00000000d5b00000)
  from space 1536K, 86% used [0x00000000d5b00000,0x00000000d5c4c010,0x00000000d5c80000)
  to   space 1536K, 0% used [0x00000000d5c80000,0x00000000d5c80000,0x00000000d5e00000)
 ParOldGen       total 167424K, used 151701K [0x0000000080000000, 0x000000008a380000, 0x00000000d5580000)
  object space 167424K, 90% used [0x0000000080000000,0x0000000089425648,0x000000008a380000)
 Metaspace       used 60948K, committed 62272K, reserved 1114112K
  class space    used 6403K, committed 6976K, reserved 1048576K

Card table byte_map: [0x0000020f8cd10000,0x0000020f8d120000] _byte_map_base: 0x0000020f8c910000

Marking Bits: (ParMarkBitMap*) 0x00007ff83cf52460
 Begin Bits: [0x0000020f9f820000, 0x0000020fa1820000)
 End Bits:   [0x0000020fa1820000, 0x0000020fa3820000)

Polling page: 0x0000020f8b0b0000

Metaspace:

Usage:
  Non-class:     53.27 MB used.
      Class:      6.25 MB used.
       Both:     59.52 MB used.

Virtual space:
  Non-class space:       64.00 MB reserved,      54.00 MB ( 84%) committed,  1 nodes.
      Class space:        1.00 GB reserved,       6.81 MB ( <1%) committed,  1 nodes.
             Both:        1.06 GB reserved,      60.81 MB (  6%) committed. 

Chunk freelists:
   Non-Class:  9.19 MB
       Class:  9.04 MB
        Both:  18.23 MB

MaxMetaspaceSize: unlimited
CompressedClassSpaceSize: 1.00 GB
Initial GC threshold: 21.00 MB
Current GC threshold: 101.38 MB
CDS: on
 - commit_granule_bytes: 65536.
 - commit_granule_words: 8192.
 - virtual_space_node_default_size: 8388608.
 - enlarge_chunks_in_place: 1.
 - use_allocation_guard: 0.


Internal statistics:

num_allocs_failed_limit: 11.
num_arena_births: 1054.
num_arena_deaths: 14.
num_vsnodes_births: 2.
num_vsnodes_deaths: 0.
num_space_committed: 973.
num_space_uncommitted: 0.
num_chunks_returned_to_freelist: 25.
num_chunks_taken_from_freelist: 3897.
num_chunk_merges: 15.
num_chunk_splits: 2388.
num_chunks_enlarged: 1388.
num_inconsistent_stats: 0.

CodeHeap 'non-profiled nmethods': size=120000Kb used=5218Kb max_used=5798Kb free=114781Kb
 bounds [0x0000020f98040000, 0x0000020f985f0000, 0x0000020f9f570000]
CodeHeap 'profiled nmethods': size=120000Kb used=17377Kb max_used=20073Kb free=102622Kb
 bounds [0x0000020f90570000, 0x0000020f91910000, 0x0000020f97aa0000]
CodeHeap 'non-nmethods': size=5760Kb used=1433Kb max_used=1542Kb free=4326Kb
 bounds [0x0000020f97aa0000, 0x0000020f97d10000, 0x0000020f98040000]
CodeCache: size=245760Kb, used=24028Kb, max_used=27413Kb, free=221729Kb
 total_blobs=8922, nmethods=8170, adapters=657, full_count=0
Compilation: enabled, stopped_count=0, restarted_count=0

Compilation events (20 events):
Event: 98.386 Thread 0x0000020f8d252db0 nmethod 9636 0x0000020f98422510 code [0x0000020f98422820, 0x0000020f98424680]
Event: 98.386 Thread 0x0000020f8d252db0 9653       4       org.eclipse.jdt.internal.compiler.util.SimpleLookupTable::get (59 bytes)
Event: 98.400 Thread 0x0000020f8d252db0 nmethod 9653 0x0000020f980c8690 code [0x0000020f980c8880, 0x0000020f980c8e20]
Event: 98.401 Thread 0x0000020f8d252db0 9654       4       org.eclipse.jdt.internal.compiler.classfmt.ClassFileReader::getMemberTypes (151 bytes)
Event: 98.423 Thread 0x0000020f8d252db0 nmethod 9654 0x0000020f98282110 code [0x0000020f982822e0, 0x0000020f982827f8]
Event: 98.423 Thread 0x0000020f8d252db0 9651       4       org.eclipse.jdt.internal.core.search.indexing.AbstractIndexer::addConstructorDeclaration (97 bytes)
Event: 98.437 Thread 0x0000020f8d252db0 nmethod 9651 0x0000020f98416d90 code [0x0000020f98416f80, 0x0000020f98417318]
Event: 98.438 Thread 0x0000020f8d252db0 9652       4       org.eclipse.jdt.core.Signature::encodeQualifiedName (207 bytes)
Event: 98.482 Thread 0x0000020f8d252db0 nmethod 9652 0x0000020f98341b90 code [0x0000020f98341e00, 0x0000020f98342df8]
Event: 98.482 Thread 0x0000020f8d252db0 9658       4       java.lang.Integer::stringSize (47 bytes)
Event: 98.485 Thread 0x0000020f8d252db0 nmethod 9658 0x0000020f98070f10 code [0x0000020f98071080, 0x0000020f98071190]
Event: 98.486 Thread 0x0000020f8d252db0 9656       4       org.eclipse.jdt.internal.core.search.indexing.BinaryIndexer::convertToArrayType (75 bytes)
Event: 98.500 Thread 0x0000020f8d252db0 nmethod 9656 0x0000020f980be210 code [0x0000020f980be3c0, 0x0000020f980be898]
Event: 98.500 Thread 0x0000020f8d252db0 9661       4       jdk.internal.jrtfs.JrtPath::hashCode (8 bytes)
Event: 98.502 Thread 0x0000020f8d252db0 nmethod 9661 0x0000020f98079b90 code [0x0000020f98079d20, 0x0000020f98079e58]
Event: 98.503 Thread 0x0000020f8d252db0 9662       4       org.eclipse.jdt.internal.compiler.util.SoftClassCache$ClassBytes::getBytes (65 bytes)
Event: 98.532 Thread 0x0000020f8d252db0 nmethod 9662 0x0000020f9827d710 code [0x0000020f9827d9c0, 0x0000020f9827e750]
Event: 98.533 Thread 0x0000020f8d252db0 9655       4       org.eclipse.jdt.internal.core.search.indexing.AddJrtToIndex$JrtTraverser::visitFile (14 bytes)
Event: 98.604 Thread 0x0000020f8d28aac0 9666       3       org.eclipse.jdt.core.Signature::encodeTypeSignature (908 bytes)
Event: 98.611 Thread 0x0000020f8d28aac0 nmethod 9666 0x0000020f90f6b390 code [0x0000020f90f6bb60, 0x0000020f90f6f058]

GC Heap History (20 events):
Event: 97.576 GC heap before
{Heap before GC invocations=108 (full 3):
 PSYoungGen      total 7168K, used 6954K [0x00000000d5580000, 0x00000000d5e00000, 0x0000000100000000)
  eden space 5632K, 100% used [0x00000000d5580000,0x00000000d5b00000,0x00000000d5b00000)
  from space 1536K, 86% used [0x00000000d5c80000,0x00000000d5dca858,0x00000000d5e00000)
  to   space 1536K, 0% used [0x00000000d5b00000,0x00000000d5b00000,0x00000000d5c80000)
 ParOldGen       total 151552K, used 151332K [0x0000000080000000, 0x0000000089400000, 0x00000000d5580000)
  object space 151552K, 99% used [0x0000000080000000,0x00000000893c9120,0x0000000089400000)
 Metaspace       used 60948K, committed 62272K, reserved 1114112K
  class space    used 6403K, committed 6976K, reserved 1048576K
}
Event: 97.579 GC heap after
{Heap after GC invocations=108 (full 3):
 PSYoungGen      total 7168K, used 1280K [0x00000000d5580000, 0x00000000d5e00000, 0x0000000100000000)
  eden space 5632K, 0% used [0x00000000d5580000,0x00000000d5580000,0x00000000d5b00000)
  from space 1536K, 83% used [0x00000000d5b00000,0x00000000d5c402c0,0x00000000d5c80000)
  to   space 1536K, 0% used [0x00000000d5c80000,0x00000000d5c80000,0x00000000d5e00000)
 ParOldGen       total 152576K, used 152540K [0x0000000080000000, 0x0000000089500000, 0x00000000d5580000)
  object space 152576K, 99% used [0x0000000080000000,0x00000000894f70a0,0x0000000089500000)
 Metaspace       used 60948K, committed 62272K, reserved 1114112K
  class space    used 6403K, committed 6976K, reserved 1048576K
}
Event: 97.643 GC heap before
{Heap before GC invocations=109 (full 3):
 PSYoungGen      total 7168K, used 6912K [0x00000000d5580000, 0x00000000d5e00000, 0x0000000100000000)
  eden space 5632K, 100% used [0x00000000d5580000,0x00000000d5b00000,0x00000000d5b00000)
  from space 1536K, 83% used [0x00000000d5b00000,0x00000000d5c402c0,0x00000000d5c80000)
  to   space 1536K, 0% used [0x00000000d5c80000,0x00000000d5c80000,0x00000000d5e00000)
 ParOldGen       total 152576K, used 152540K [0x0000000080000000, 0x0000000089500000, 0x00000000d5580000)
  object space 152576K, 99% used [0x0000000080000000,0x00000000894f70a0,0x0000000089500000)
 Metaspace       used 60948K, committed 62272K, reserved 1114112K
  class space    used 6403K, committed 6976K, reserved 1048576K
}
Event: 97.647 GC heap after
{Heap after GC invocations=109 (full 3):
 PSYoungGen      total 7168K, used 6912K [0x00000000d5580000, 0x00000000d5e00000, 0x0000000100000000)
  eden space 5632K, 100% used [0x00000000d5580000,0x00000000d5b00000,0x00000000d5b00000)
  from space 1536K, 83% used [0x00000000d5b00000,0x00000000d5c402c0,0x00000000d5c80000)
  to   space 1536K, 89% used [0x00000000d5c80000,0x00000000d5dd96e8,0x00000000d5e00000)
 ParOldGen       total 153600K, used 153594K [0x0000000080000000, 0x0000000089600000, 0x00000000d5580000)
  object space 153600K, 99% used [0x0000000080000000,0x00000000895fe9e0,0x0000000089600000)
 Metaspace       used 60948K, committed 62272K, reserved 1114112K
  class space    used 6403K, committed 6976K, reserved 1048576K
}
Event: 97.647 GC heap before
{Heap before GC invocations=110 (full 4):
 PSYoungGen      total 7168K, used 6912K [0x00000000d5580000, 0x00000000d5e00000, 0x0000000100000000)
  eden space 5632K, 100% used [0x00000000d5580000,0x00000000d5b00000,0x00000000d5b00000)
  from space 1536K, 83% used [0x00000000d5b00000,0x00000000d5c402c0,0x00000000d5c80000)
  to   space 1536K, 89% used [0x00000000d5c80000,0x00000000d5dd96e8,0x00000000d5e00000)
 ParOldGen       total 153600K, used 153594K [0x0000000080000000, 0x0000000089600000, 0x00000000d5580000)
  object space 153600K, 99% used [0x0000000080000000,0x00000000895fe9e0,0x0000000089600000)
 Metaspace       used 60948K, committed 62272K, reserved 1114112K
  class space    used 6403K, committed 6976K, reserved 1048576K
}
Event: 98.115 GC heap after
{Heap after GC invocations=110 (full 4):
 PSYoungGen      total 7168K, used 0K [0x00000000d5580000, 0x00000000d5e00000, 0x0000000100000000)
  eden space 5632K, 0% used [0x00000000d5580000,0x00000000d5580000,0x00000000d5b00000)
  from space 1536K, 0% used [0x00000000d5c80000,0x00000000d5c80000,0x00000000d5e00000)
  to   space 1536K, 0% used [0x00000000d5b00000,0x00000000d5b00000,0x00000000d5c80000)
 ParOldGen       total 167424K, used 141559K [0x0000000080000000, 0x000000008a380000, 0x00000000d5580000)
  object space 167424K, 84% used [0x0000000080000000,0x0000000088a3de08,0x000000008a380000)
 Metaspace       used 60948K, committed 62272K, reserved 1114112K
  class space    used 6403K, committed 6976K, reserved 1048576K
}
Event: 98.184 GC heap before
{Heap before GC invocations=111 (full 4):
 PSYoungGen      total 7168K, used 5632K [0x00000000d5580000, 0x00000000d5e00000, 0x0000000100000000)
  eden space 5632K, 100% used [0x00000000d5580000,0x00000000d5b00000,0x00000000d5b00000)
  from space 1536K, 0% used [0x00000000d5c80000,0x00000000d5c80000,0x00000000d5e00000)
  to   space 1536K, 0% used [0x00000000d5b00000,0x00000000d5b00000,0x00000000d5c80000)
 ParOldGen       total 167424K, used 141559K [0x0000000080000000, 0x000000008a380000, 0x00000000d5580000)
  object space 167424K, 84% used [0x0000000080000000,0x0000000088a3de08,0x000000008a380000)
 Metaspace       used 60948K, committed 62272K, reserved 1114112K
  class space    used 6403K, committed 6976K, reserved 1048576K
}
Event: 98.186 GC heap after
{Heap after GC invocations=111 (full 4):
 PSYoungGen      total 7168K, used 1521K [0x00000000d5580000, 0x00000000d5f00000, 0x0000000100000000)
  eden space 5632K, 0% used [0x00000000d5580000,0x00000000d5580000,0x00000000d5b00000)
  from space 1536K, 99% used [0x00000000d5b00000,0x00000000d5c7c5c8,0x00000000d5c80000)
  to   space 2048K, 0% used [0x00000000d5d00000,0x00000000d5d00000,0x00000000d5f00000)
 ParOldGen       total 167424K, used 141559K [0x0000000080000000, 0x000000008a380000, 0x00000000d5580000)
  object space 167424K, 84% used [0x0000000080000000,0x0000000088a3de08,0x000000008a380000)
 Metaspace       used 60948K, committed 62272K, reserved 1114112K
  class space    used 6403K, committed 6976K, reserved 1048576K
}
Event: 98.227 GC heap before
{Heap before GC invocations=112 (full 4):
 PSYoungGen      total 7168K, used 7153K [0x00000000d5580000, 0x00000000d5f00000, 0x0000000100000000)
  eden space 5632K, 100% used [0x00000000d5580000,0x00000000d5b00000,0x00000000d5b00000)
  from space 1536K, 99% used [0x00000000d5b00000,0x00000000d5c7c5c8,0x00000000d5c80000)
  to   space 2048K, 0% used [0x00000000d5d00000,0x00000000d5d00000,0x00000000d5f00000)
 ParOldGen       total 167424K, used 141559K [0x0000000080000000, 0x000000008a380000, 0x00000000d5580000)
  object space 167424K, 84% used [0x0000000080000000,0x0000000088a3de08,0x000000008a380000)
 Metaspace       used 60948K, committed 62272K, reserved 1114112K
  class space    used 6403K, committed 6976K, reserved 1048576K
}
Event: 98.229 GC heap after
{Heap after GC invocations=112 (full 4):
 PSYoungGen      total 7168K, used 1334K [0x00000000d5580000, 0x00000000d5e80000, 0x0000000100000000)
  eden space 5632K, 0% used [0x00000000d5580000,0x00000000d5580000,0x00000000d5b00000)
  from space 1536K, 86% used [0x00000000d5d00000,0x00000000d5e4da30,0x00000000d5e80000)
  to   space 1536K, 0% used [0x00000000d5b00000,0x00000000d5b00000,0x00000000d5c80000)
 ParOldGen       total 167424K, used 142965K [0x0000000080000000, 0x000000008a380000, 0x00000000d5580000)
  object space 167424K, 85% used [0x0000000080000000,0x0000000088b9d458,0x000000008a380000)
 Metaspace       used 60948K, committed 62272K, reserved 1114112K
  class space    used 6403K, committed 6976K, reserved 1048576K
}
Event: 98.362 GC heap before
{Heap before GC invocations=113 (full 4):
 PSYoungGen      total 7168K, used 6966K [0x00000000d5580000, 0x00000000d5e80000, 0x0000000100000000)
  eden space 5632K, 100% used [0x00000000d5580000,0x00000000d5b00000,0x00000000d5b00000)
  from space 1536K, 86% used [0x00000000d5d00000,0x00000000d5e4da30,0x00000000d5e80000)
  to   space 1536K, 0% used [0x00000000d5b00000,0x00000000d5b00000,0x00000000d5c80000)
 ParOldGen       total 167424K, used 142965K [0x0000000080000000, 0x000000008a380000, 0x00000000d5580000)
  object space 167424K, 85% used [0x0000000080000000,0x0000000088b9d458,0x000000008a380000)
 Metaspace       used 60948K, committed 62272K, reserved 1114112K
  class space    used 6403K, committed 6976K, reserved 1048576K
}
Event: 98.365 GC heap after
{Heap after GC invocations=113 (full 4):
 PSYoungGen      total 7168K, used 1351K [0x00000000d5580000, 0x00000000d5e00000, 0x0000000100000000)
  eden space 5632K, 0% used [0x00000000d5580000,0x00000000d5580000,0x00000000d5b00000)
  from space 1536K, 87% used [0x00000000d5b00000,0x00000000d5c51d50,0x00000000d5c80000)
  to   space 1536K, 0% used [0x00000000d5c80000,0x00000000d5c80000,0x00000000d5e00000)
 ParOldGen       total 167424K, used 144200K [0x0000000080000000, 0x000000008a380000, 0x00000000d5580000)
  object space 167424K, 86% used [0x0000000080000000,0x0000000088cd2368,0x000000008a380000)
 Metaspace       used 60948K, committed 62272K, reserved 1114112K
  class space    used 6403K, committed 6976K, reserved 1048576K
}
Event: 98.429 GC heap before
{Heap before GC invocations=114 (full 4):
 PSYoungGen      total 7168K, used 6983K [0x00000000d5580000, 0x00000000d5e00000, 0x0000000100000000)
  eden space 5632K, 100% used [0x00000000d5580000,0x00000000d5b00000,0x00000000d5b00000)
  from space 1536K, 87% used [0x00000000d5b00000,0x00000000d5c51d50,0x00000000d5c80000)
  to   space 1536K, 0% used [0x00000000d5c80000,0x00000000d5c80000,0x00000000d5e00000)
 ParOldGen       total 167424K, used 144200K [0x0000000080000000, 0x000000008a380000, 0x00000000d5580000)
  object space 167424K, 86% used [0x0000000080000000,0x0000000088cd2368,0x000000008a380000)
 Metaspace       used 60948K, committed 62272K, reserved 1114112K
  class space    used 6403K, committed 6976K, reserved 1048576K
}
Event: 98.431 GC heap after
{Heap after GC invocations=114 (full 4):
 PSYoungGen      total 7168K, used 1329K [0x00000000d5580000, 0x00000000d5e00000, 0x0000000100000000)
  eden space 5632K, 0% used [0x00000000d5580000,0x00000000d5580000,0x00000000d5b00000)
  from space 1536K, 86% used [0x00000000d5c80000,0x00000000d5dcc6c8,0x00000000d5e00000)
  to   space 1536K, 0% used [0x00000000d5b00000,0x00000000d5b00000,0x00000000d5c80000)
 ParOldGen       total 167424K, used 145474K [0x0000000080000000, 0x000000008a380000, 0x00000000d5580000)
  object space 167424K, 86% used [0x0000000080000000,0x0000000088e108c8,0x000000008a380000)
 Metaspace       used 60948K, committed 62272K, reserved 1114112K
  class space    used 6403K, committed 6976K, reserved 1048576K
}
Event: 98.475 GC heap before
{Heap before GC invocations=115 (full 4):
 PSYoungGen      total 7168K, used 6961K [0x00000000d5580000, 0x00000000d5e00000, 0x0000000100000000)
  eden space 5632K, 100% used [0x00000000d5580000,0x00000000d5b00000,0x00000000d5b00000)
  from space 1536K, 86% used [0x00000000d5c80000,0x00000000d5dcc6c8,0x00000000d5e00000)
  to   space 1536K, 0% used [0x00000000d5b00000,0x00000000d5b00000,0x00000000d5c80000)
 ParOldGen       total 167424K, used 145474K [0x0000000080000000, 0x000000008a380000, 0x00000000d5580000)
  object space 167424K, 86% used [0x0000000080000000,0x0000000088e108c8,0x000000008a380000)
 Metaspace       used 60948K, committed 62272K, reserved 1114112K
  class space    used 6403K, committed 6976K, reserved 1048576K
}
Event: 98.477 GC heap after
{Heap after GC invocations=115 (full 4):
 PSYoungGen      total 7168K, used 1254K [0x00000000d5580000, 0x00000000d5e00000, 0x0000000100000000)
  eden space 5632K, 0% used [0x00000000d5580000,0x00000000d5580000,0x00000000d5b00000)
  from space 1536K, 81% used [0x00000000d5b00000,0x00000000d5c39890,0x00000000d5c80000)
  to   space 1536K, 0% used [0x00000000d5c80000,0x00000000d5c80000,0x00000000d5e00000)
 ParOldGen       total 167424K, used 146755K [0x0000000080000000, 0x000000008a380000, 0x00000000d5580000)
  object space 167424K, 87% used [0x0000000080000000,0x0000000088f50c00,0x000000008a380000)
 Metaspace       used 60948K, committed 62272K, reserved 1114112K
  class space    used 6403K, committed 6976K, reserved 1048576K
}
Event: 98.549 GC heap before
{Heap before GC invocations=116 (full 4):
 PSYoungGen      total 7168K, used 6886K [0x00000000d5580000, 0x00000000d5e00000, 0x0000000100000000)
  eden space 5632K, 100% used [0x00000000d5580000,0x00000000d5b00000,0x00000000d5b00000)
  from space 1536K, 81% used [0x00000000d5b00000,0x00000000d5c39890,0x00000000d5c80000)
  to   space 1536K, 0% used [0x00000000d5c80000,0x00000000d5c80000,0x00000000d5e00000)
 ParOldGen       total 167424K, used 146755K [0x0000000080000000, 0x000000008a380000, 0x00000000d5580000)
  object space 167424K, 87% used [0x0000000080000000,0x0000000088f50c00,0x000000008a380000)
 Metaspace       used 60948K, committed 62272K, reserved 1114112K
  class space    used 6403K, committed 6976K, reserved 1048576K
}
Event: 98.553 GC heap after
{Heap after GC invocations=116 (full 4):
 PSYoungGen      total 7168K, used 1337K [0x00000000d5580000, 0x00000000d5e00000, 0x0000000100000000)
  eden space 5632K, 0% used [0x00000000d5580000,0x00000000d5580000,0x00000000d5b00000)
  from space 1536K, 87% used [0x00000000d5c80000,0x00000000d5dce590,0x00000000d5e00000)
  to   space 1536K, 0% used [0x00000000d5b00000,0x00000000d5b00000,0x00000000d5c80000)
 ParOldGen       total 167424K, used 147987K [0x0000000080000000, 0x000000008a380000, 0x00000000d5580000)
  object space 167424K, 88% used [0x0000000080000000,0x0000000089084e30,0x000000008a380000)
 Metaspace       used 60948K, committed 62272K, reserved 1114112K
  class space    used 6403K, committed 6976K, reserved 1048576K
}
Event: 98.602 GC heap before
{Heap before GC invocations=117 (full 4):
 PSYoungGen      total 7168K, used 6969K [0x00000000d5580000, 0x00000000d5e00000, 0x0000000100000000)
  eden space 5632K, 100% used [0x00000000d5580000,0x00000000d5b00000,0x00000000d5b00000)
  from space 1536K, 87% used [0x00000000d5c80000,0x00000000d5dce590,0x00000000d5e00000)
  to   space 1536K, 0% used [0x00000000d5b00000,0x00000000d5b00000,0x00000000d5c80000)
 ParOldGen       total 167424K, used 147987K [0x0000000080000000, 0x000000008a380000, 0x00000000d5580000)
  object space 167424K, 88% used [0x0000000080000000,0x0000000089084e30,0x000000008a380000)
 Metaspace       used 60948K, committed 62272K, reserved 1114112K
  class space    used 6403K, committed 6976K, reserved 1048576K
}
Event: 98.604 GC heap after
{Heap after GC invocations=117 (full 4):
 PSYoungGen      total 7168K, used 1300K [0x00000000d5580000, 0x00000000d5e00000, 0x0000000100000000)
  eden space 5632K, 0% used [0x00000000d5580000,0x00000000d5580000,0x00000000d5b00000)
  from space 1536K, 84% used [0x00000000d5b00000,0x00000000d5c45040,0x00000000d5c80000)
  to   space 1536K, 0% used [0x00000000d5c80000,0x00000000d5c80000,0x00000000d5e00000)
 ParOldGen       total 167424K, used 149245K [0x0000000080000000, 0x000000008a380000, 0x00000000d5580000)
  object space 167424K, 89% used [0x0000000080000000,0x00000000891bf5c8,0x000000008a380000)
 Metaspace       used 60948K, committed 62272K, reserved 1114112K
  class space    used 6403K, committed 6976K, reserved 1048576K
}

Dll operation events (10 events):
Event: 0.285 Loaded shared library c:\Users\Dell\.vscode\extensions\redhat.java-1.51.0-win32-x64\jre\21.0.9-win32-x86_64\bin\java.dll
Event: 0.491 Loaded shared library c:\Users\Dell\.vscode\extensions\redhat.java-1.51.0-win32-x64\jre\21.0.9-win32-x86_64\bin\zip.dll
Event: 0.569 Loaded shared library C:\Users\Dell\.vscode\extensions\redhat.java-1.51.0-win32-x64\jre\21.0.9-win32-x86_64\bin\instrument.dll
Event: 0.805 Loaded shared library C:\Users\Dell\.vscode\extensions\redhat.java-1.51.0-win32-x64\jre\21.0.9-win32-x86_64\bin\net.dll
Event: 0.953 Loaded shared library C:\Users\Dell\.vscode\extensions\redhat.java-1.51.0-win32-x64\jre\21.0.9-win32-x86_64\bin\nio.dll
Event: 0.961 Loaded shared library C:\Users\Dell\.vscode\extensions\redhat.java-1.51.0-win32-x64\jre\21.0.9-win32-x86_64\bin\zip.dll
Event: 1.027 Loaded shared library C:\Users\Dell\.vscode\extensions\redhat.java-1.51.0-win32-x64\jre\21.0.9-win32-x86_64\bin\jimage.dll
Event: 1.335 Loaded shared library c:\Users\Dell\.vscode\extensions\redhat.java-1.51.0-win32-x64\jre\21.0.9-win32-x86_64\bin\verify.dll
Event: 31.937 Loaded shared library C:\Users\Dell\AppData\Roaming\Code\User\globalStorage\redhat.java\1.51.0\config_win\org.eclipse.equinox.launcher\org.eclipse.equinox.launcher.win32.win32.x86_64_1.2.1400.v20250801-0854\eclipse_11916.dll
Event: 59.732 Loaded shared library C:\Users\Dell\AppData\Local\Temp\jna-2126305\jna13371985407872812295.dll

Deoptimization events (20 events):
Event: 94.836 Thread 0x0000020feac29140 DEOPT PACKING pc=0x0000020f91491a6a sp=0x000000a750ffe510
Event: 94.836 Thread 0x0000020feac29140 DEOPT UNPACKING pc=0x0000020f97af4242 sp=0x000000a750ffd998 mode 0
Event: 94.881 Thread 0x0000020feac29140 DEOPT PACKING pc=0x0000020f91491a6a sp=0x000000a750ffe670
Event: 94.881 Thread 0x0000020feac29140 DEOPT UNPACKING pc=0x0000020f97af4242 sp=0x000000a750ffdaf8 mode 0
Event: 94.922 Thread 0x0000020feac29140 DEOPT PACKING pc=0x0000020f91491a6a sp=0x000000a750ffe6f0
Event: 94.922 Thread 0x0000020feac29140 DEOPT UNPACKING pc=0x0000020f97af4242 sp=0x000000a750ffdb78 mode 0
Event: 94.956 Thread 0x0000020feac29140 Uncommon trap: trap_request=0xffffff5c fr.pc=0x0000020f98591bc8 relative=0x0000000000008388
Event: 94.956 Thread 0x0000020feac29140 Uncommon trap: reason=speculate_null_check action=make_not_entrant pc=0x0000020f98591bc8 method=org.eclipse.jdt.internal.core.search.indexing.BinaryIndexer.indexDocument()V @ 546 c2
Event: 94.956 Thread 0x0000020feac29140 DEOPT PACKING pc=0x0000020f98591bc8 sp=0x000000a750ffe870
Event: 94.956 Thread 0x0000020feac29140 DEOPT UNPACKING pc=0x0000020f97af3aa2 sp=0x000000a750ffe7d0 mode 2
Event: 95.037 Thread 0x0000020feac29140 DEOPT PACKING pc=0x0000020f91491a6a sp=0x000000a750ffe480
Event: 95.037 Thread 0x0000020feac29140 DEOPT UNPACKING pc=0x0000020f97af4242 sp=0x000000a750ffd908 mode 0
Event: 95.089 Thread 0x0000020feac29140 DEOPT PACKING pc=0x0000020f91491a6a sp=0x000000a750ffe440
Event: 95.089 Thread 0x0000020feac29140 DEOPT UNPACKING pc=0x0000020f97af4242 sp=0x000000a750ffd8c8 mode 0
Event: 96.065 Thread 0x0000020feac29140 DEOPT PACKING pc=0x0000020f91491a6a sp=0x000000a750ffe440
Event: 96.065 Thread 0x0000020feac29140 DEOPT UNPACKING pc=0x0000020f97af4242 sp=0x000000a750ffd8c8 mode 0
Event: 97.057 Thread 0x0000020feac29140 Uncommon trap: trap_request=0xffffffe4 fr.pc=0x0000020f985d2774 relative=0x00000000000014f4
Event: 97.057 Thread 0x0000020feac29140 Uncommon trap: reason=range_check action=make_not_entrant pc=0x0000020f985d2774 method=org.eclipse.jdt.internal.core.search.matching.ConstructorPattern.createDeclarationIndexKey([CI[C[[C[[CI[CII)[C @ 352 c2
Event: 97.058 Thread 0x0000020feac29140 DEOPT PACKING pc=0x0000020f985d2774 sp=0x000000a750ffe6a0
Event: 97.059 Thread 0x0000020feac29140 DEOPT UNPACKING pc=0x0000020f97af3aa2 sp=0x000000a750ffe5f0 mode 2

Classes loaded (20 events):
Event: 81.795 Loading class java/nio/file/PathMatcher done
Event: 81.795 Loading class sun/nio/fs/WindowsFileSystem$2 done
Event: 82.090 Loading class java/lang/UnsupportedClassVersionError
Event: 82.090 Loading class java/lang/UnsupportedClassVersionError done
Event: 82.933 Loading class java/util/Collections$SynchronizedRandomAccessList
Event: 82.934 Loading class java/util/Collections$SynchronizedList
Event: 82.934 Loading class java/util/Collections$SynchronizedList done
Event: 82.934 Loading class java/util/Collections$SynchronizedRandomAccessList done
Event: 83.053 Loading class java/util/concurrent/CompletableFuture$Signaller
Event: 83.053 Loading class java/util/concurrent/CompletableFuture$Signaller done
Event: 83.216 Loading class java/nio/charset/CharacterCodingException
Event: 83.216 Loading class java/nio/charset/CharacterCodingException done
Event: 83.217 Loading class java/io/SequenceInputStream
Event: 83.217 Loading class java/io/SequenceInputStream done
Event: 83.287 Loading class java/util/WeakHashMap$KeyIterator
Event: 83.288 Loading class java/util/WeakHashMap$KeyIterator done
Event: 83.483 Loading class java/util/concurrent/ForkJoinTask$AdaptedCallable
Event: 83.483 Loading class java/util/concurrent/ForkJoinTask$AdaptedCallable done
Event: 86.046 Loading class java/util/Hashtable$KeySet
Event: 86.046 Loading class java/util/Hashtable$KeySet done

Classes unloaded (7 events):
Event: 61.491 Thread 0x0000020f8d41cbb0 Unloading class 0x0000020fa51a8c00 'java/lang/invoke/LambdaForm$MH+0x0000020fa51a8c00'
Event: 61.491 Thread 0x0000020f8d41cbb0 Unloading class 0x0000020fa51a8800 'java/lang/invoke/LambdaForm$MH+0x0000020fa51a8800'
Event: 61.491 Thread 0x0000020f8d41cbb0 Unloading class 0x0000020fa51a8400 'java/lang/invoke/LambdaForm$MH+0x0000020fa51a8400'
Event: 61.491 Thread 0x0000020f8d41cbb0 Unloading class 0x0000020fa51a8000 'java/lang/invoke/LambdaForm$MH+0x0000020fa51a8000'
Event: 61.491 Thread 0x0000020f8d41cbb0 Unloading class 0x0000020fa51a7c00 'java/lang/invoke/LambdaForm$BMH+0x0000020fa51a7c00'
Event: 61.491 Thread 0x0000020f8d41cbb0 Unloading class 0x0000020fa51a7800 'java/lang/invoke/LambdaForm$DMH+0x0000020fa51a7800'
Event: 61.491 Thread 0x0000020f8d41cbb0 Unloading class 0x0000020fa51a6400 'java/lang/invoke/LambdaForm$DMH+0x0000020fa51a6400'

Classes redefined (0 events):
No events

Internal exceptions (20 events):
Event: 85.825 Thread 0x0000020fec506da0 Exception <a 'sun/nio/fs/WindowsException'{0x00000000d5af83e0}> (0x00000000d5af83e0) 
thrown [s\src\hotspot\share\prims\jni.cpp, line 520]
Event: 85.826 Thread 0x0000020fec506da0 Exception <a 'sun/nio/fs/WindowsException'{0x00000000d5afb448}> (0x00000000d5afb448) 
thrown [s\src\hotspot\share\prims\jni.cpp, line 520]
Event: 85.826 Thread 0x0000020fec506da0 Exception <a 'sun/nio/fs/WindowsException'{0x00000000d5afba78}> (0x00000000d5afba78) 
thrown [s\src\hotspot\share\prims\jni.cpp, line 520]
Event: 85.906 Thread 0x0000020fec506da0 Exception <a 'sun/nio/fs/WindowsException'{0x00000000d5c2c0b0}> (0x00000000d5c2c0b0) 
thrown [s\src\hotspot\share\prims\jni.cpp, line 520]
Event: 85.906 Thread 0x0000020fec506da0 Exception <a 'sun/nio/fs/WindowsException'{0x00000000d5c2cbb0}> (0x00000000d5c2cbb0) 
thrown [s\src\hotspot\share\prims\jni.cpp, line 520]
Event: 85.908 Thread 0x0000020fec506da0 Exception <a 'sun/nio/fs/WindowsException'{0x00000000d5c365b0}> (0x00000000d5c365b0) 
thrown [s\src\hotspot\share\prims\jni.cpp, line 520]
Event: 85.908 Thread 0x0000020fec506da0 Exception <a 'sun/nio/fs/WindowsException'{0x00000000d5c36e90}> (0x00000000d5c36e90) 
thrown [s\src\hotspot\share\prims\jni.cpp, line 520]
Event: 86.225 Thread 0x0000020feac27070 Exception <a 'sun/nio/fs/WindowsException'{0x00000000d5fd0568}> (0x00000000d5fd0568) 
thrown [s\src\hotspot\share\prims\jni.cpp, line 520]
Event: 86.225 Thread 0x0000020feac27070 Exception <a 'sun/nio/fs/WindowsException'{0x00000000d5fd0b98}> (0x00000000d5fd0b98) 
thrown [s\src\hotspot\share\prims\jni.cpp, line 520]
Event: 86.227 Thread 0x0000020feac27070 Exception <a 'sun/nio/fs/WindowsException'{0x00000000d5fd17a0}> (0x00000000d5fd17a0) 
thrown [s\src\hotspot\share\prims\jni.cpp, line 520]
Event: 86.227 Thread 0x0000020feac27070 Exception <a 'sun/nio/fs/WindowsException'{0x00000000d5fd1dd0}> (0x00000000d5fd1dd0) 
thrown [s\src\hotspot\share\prims\jni.cpp, line 520]
Event: 86.231 Thread 0x0000020feac27070 Exception <a 'java/io/FileNotFoundException'{0x00000000d5ff4c70}> (0x00000000d5ff4c70) 
thrown [s\src\hotspot\share\prims\jni.cpp, line 520]
Event: 86.231 Thread 0x0000020feac27070 Exception <a 'java/io/FileNotFoundException'{0x00000000d6001168}> (0x00000000d6001168) 
thrown [s\src\hotspot\share\prims\jni.cpp, line 520]
Event: 86.247 Thread 0x0000020feac27070 Exception <a 'sun/nio/fs/WindowsException'{0x00000000d6034ac8}> (0x00000000d6034ac8) 
thrown [s\src\hotspot\share\prims\jni.cpp, line 520]
Event: 86.247 Thread 0x0000020feac27070 Exception <a 'sun/nio/fs/WindowsException'{0x00000000d60350f8}> (0x00000000d60350f8) 
thrown [s\src\hotspot\share\prims\jni.cpp, line 520]
Event: 86.248 Thread 0x0000020feac27070 Exception <a 'sun/nio/fs/WindowsException'{0x00000000d6035cd8}> (0x00000000d6035cd8) 
thrown [s\src\hotspot\share\prims\jni.cpp, line 520]
Event: 86.248 Thread 0x0000020feac27070 Exception <a 'sun/nio/fs/WindowsException'{0x00000000d6036308}> (0x00000000d6036308) 
thrown [s\src\hotspot\share\prims\jni.cpp, line 520]
Event: 87.321 Thread 0x0000020fec506da0 Exception <a 'java/lang/IncompatibleClassChangeError'{0x00000000d5ee9e98}: Found class java.lang.Object, but interface was expected> (0x00000000d5ee9e98) 
thrown [s\src\hotspot\share\interpreter\linkResolver.cpp, line 840]
Event: 87.791 Thread 0x0000020feac29140 Implicit null exception at 0x0000020f9820ede9 to 0x0000020f9820f008
Event: 94.956 Thread 0x0000020feac29140 Implicit null exception at 0x0000020f9858cb4b to 0x0000020f98591ba4

ZGC Phase Switch (0 events):
No events

VM Operations (20 events):
Event: 97.519 Executing VM operation: ParallelGCFailedAllocation (Allocation Failure)
Event: 97.521 Executing VM operation: ParallelGCFailedAllocation (Allocation Failure) done
Event: 97.576 Executing VM operation: ParallelGCFailedAllocation (Allocation Failure)
Event: 97.579 Executing VM operation: ParallelGCFailedAllocation (Allocation Failure) done
Event: 97.643 Executing VM operation: ParallelGCFailedAllocation (Allocation Failure)
Event: 98.115 Executing VM operation: ParallelGCFailedAllocation (Allocation Failure) done
Event: 98.183 Executing VM operation: ParallelGCFailedAllocation (Allocation Failure)
Event: 98.187 Executing VM operation: ParallelGCFailedAllocation (Allocation Failure) done
Event: 98.227 Executing VM operation: ParallelGCFailedAllocation (Allocation Failure)
Event: 98.229 Executing VM operation: ParallelGCFailedAllocation (Allocation Failure) done
Event: 98.362 Executing VM operation: ParallelGCFailedAllocation (Allocation Failure)
Event: 98.365 Executing VM operation: ParallelGCFailedAllocation (Allocation Failure) done
Event: 98.429 Executing VM operation: ParallelGCFailedAllocation (Allocation Failure)
Event: 98.431 Executing VM operation: ParallelGCFailedAllocation (Allocation Failure) done
Event: 98.475 Executing VM operation: ParallelGCFailedAllocation (Allocation Failure)
Event: 98.477 Executing VM operation: ParallelGCFailedAllocation (Allocation Failure) done
Event: 98.549 Executing VM operation: ParallelGCFailedAllocation (Allocation Failure)
Event: 98.553 Executing VM operation: ParallelGCFailedAllocation (Allocation Failure) done
Event: 98.602 Executing VM operation: ParallelGCFailedAllocation (Allocation Failure)
Event: 98.604 Executing VM operation: ParallelGCFailedAllocation (Allocation Failure) done

Memory protections (0 events):
No events

Nmethod flushes (20 events):
Event: 97.787 Thread 0x0000020f8d41cbb0 flushing  nmethod 0x0000020f91406e10
Event: 97.787 Thread 0x0000020f8d41cbb0 flushing  nmethod 0x0000020f9140ad90
Event: 97.787 Thread 0x0000020f8d41cbb0 flushing  nmethod 0x0000020f9140ff10
Event: 97.787 Thread 0x0000020f8d41cbb0 flushing  nmethod 0x0000020f91415a10
Event: 97.787 Thread 0x0000020f8d41cbb0 flushing osr nmethod 0x0000020f91416010
Event: 97.787 Thread 0x0000020f8d41cbb0 flushing  nmethod 0x0000020f9144c290
Event: 97.787 Thread 0x0000020f8d41cbb0 flushing  nmethod 0x0000020f91490110
Event: 97.787 Thread 0x0000020f8d41cbb0 flushing  nmethod 0x0000020f914b9110
Event: 97.787 Thread 0x0000020f8d41cbb0 flushing  nmethod 0x0000020f914b9810
Event: 97.787 Thread 0x0000020f8d41cbb0 flushing  nmethod 0x0000020f914c2290
Event: 97.787 Thread 0x0000020f8d41cbb0 flushing  nmethod 0x0000020f914eba90
Event: 97.787 Thread 0x0000020f8d41cbb0 flushing  nmethod 0x0000020f91503090
Event: 97.787 Thread 0x0000020f8d41cbb0 flushing  nmethod 0x0000020f91560290
Event: 97.787 Thread 0x0000020f8d41cbb0 flushing  nmethod 0x0000020f91563610
Event: 97.787 Thread 0x0000020f8d41cbb0 flushing  nmethod 0x0000020f9158d190
Event: 97.787 Thread 0x0000020f8d41cbb0 flushing  nmethod 0x0000020f915c4110
Event: 97.787 Thread 0x0000020f8d41cbb0 flushing  nmethod 0x0000020f915d7b90
Event: 97.787 Thread 0x0000020f8d41cbb0 flushing  nmethod 0x0000020f915e0690
Event: 97.787 Thread 0x0000020f8d41cbb0 flushing  nmethod 0x0000020f915e2190
Event: 97.787 Thread 0x0000020f8d41cbb0 flushing  nmethod 0x0000020f91606e10

Events (20 events):
Event: 70.541 Thread 0x0000020f8d28aac0 Thread added: 0x0000020fea534cf0
Event: 71.444 Thread 0x0000020f8d360f40 Thread added: 0x0000020feac2a4f0
Event: 71.446 Thread 0x0000020f8d360f40 Thread added: 0x0000020fec504cd0
Event: 71.446 Thread 0x0000020f8d360f40 Thread added: 0x0000020fec501ee0
Event: 71.469 Thread 0x0000020f8d360f40 Thread added: 0x0000020fec5059f0
Event: 71.483 Thread 0x0000020f8d360f40 Thread added: 0x0000020fec506080
Event: 71.648 Thread 0x0000020f8d360f40 Thread added: 0x0000020fec503fb0
Event: 72.646 Thread 0x0000020f8d360f40 Thread added: 0x0000020fec506710
Event: 72.647 Thread 0x0000020f8d360f40 Thread added: 0x0000020fec506da0
Event: 74.037 Thread 0x0000020fea534cf0 Thread exited: 0x0000020fea534cf0
Event: 74.284 Thread 0x0000020f8d28aac0 Thread added: 0x0000020fea534cf0
Event: 77.254 Thread 0x0000020fea534cf0 Thread exited: 0x0000020fea534cf0
Event: 77.743 Thread 0x0000020feac27d90 Thread added: 0x0000020fec505360
Event: 77.743 Thread 0x0000020feac27d90 Thread added: 0x0000020fec503920
Event: 77.893 Thread 0x0000020f8d28aac0 Thread added: 0x0000020fed626f20
Event: 79.139 Thread 0x0000020fed626f20 Thread exited: 0x0000020fed626f20
Event: 79.775 Thread 0x0000020feac27d90 Thread added: 0x0000020fec508150
Event: 81.211 Thread 0x0000020feac27d90 Thread added: 0x0000020fec508e70
Event: 81.604 Thread 0x0000020feac27d90 Thread added: 0x0000020fec504640
Event: 83.485 Thread 0x0000020fec506da0 Thread added: 0x0000020fec502c00


Dynamic libraries:
0x00007ff74f780000 - 0x00007ff74f78e000 	c:\Users\Dell\.vscode\extensions\redhat.java-1.51.0-win32-x64\jre\21.0.9-win32-x86_64\bin\java.exe
0x00007ff88ef30000 - 0x00007ff88f128000 	C:\Windows\SYSTEM32\ntdll.dll
0x00007ff88d720000 - 0x00007ff88d7e2000 	C:\Windows\System32\KERNEL32.DLL
0x00007ff88c900000 - 0x00007ff88cbf6000 	C:\Windows\System32\KERNELBASE.dll
0x00007ff88ce50000 - 0x00007ff88cf50000 	C:\Windows\System32\ucrtbase.dll
0x00007ff886b20000 - 0x00007ff886b38000 	c:\Users\Dell\.vscode\extensions\redhat.java-1.51.0-win32-x64\jre\21.0.9-win32-x86_64\bin\jli.dll
0x00007ff88d1a0000 - 0x00007ff88d341000 	C:\Windows\System32\USER32.dll
0x00007ff88ce20000 - 0x00007ff88ce42000 	C:\Windows\System32\win32u.dll
0x00007ff88da40000 - 0x00007ff88da6b000 	C:\Windows\System32\GDI32.dll
0x00007ff88ccb0000 - 0x00007ff88cdc9000 	C:\Windows\System32\gdi32full.dll
0x00007ff88c7d0000 - 0x00007ff88c86d000 	C:\Windows\System32\msvcp_win.dll
0x00007ff886b00000 - 0x00007ff886b1e000 	c:\Users\Dell\.vscode\extensions\redhat.java-1.51.0-win32-x64\jre\21.0.9-win32-x86_64\bin\VCRUNTIME140.dll
0x00007ff879850000 - 0x00007ff879aeb000 	C:\Windows\WinSxS\amd64_microsoft.windows.common-controls_6595b64144ccf1df_6.0.19041.6456_none_60b8a6cb71f64256\COMCTL32.dll
0x00007ff88da70000 - 0x00007ff88db0e000 	C:\Windows\System32\msvcrt.dll
0x00007ff88ebd0000 - 0x00007ff88ebff000 	C:\Windows\System32\IMM32.DLL
0x00007ff888ca0000 - 0x00007ff888cac000 	c:\Users\Dell\.vscode\extensions\redhat.java-1.51.0-win32-x64\jre\21.0.9-win32-x86_64\bin\vcruntime140_1.dll
0x00007ff876f90000 - 0x00007ff87701d000 	c:\Users\Dell\.vscode\extensions\redhat.java-1.51.0-win32-x64\jre\21.0.9-win32-x86_64\bin\msvcp140.dll
0x00007ff83c290000 - 0x00007ff83d030000 	c:\Users\Dell\.vscode\extensions\redhat.java-1.51.0-win32-x64\jre\21.0.9-win32-x86_64\bin\server\jvm.dll
0x00007ff88cf70000 - 0x00007ff88d021000 	C:\Windows\System32\ADVAPI32.dll
0x00007ff88d100000 - 0x00007ff88d19f000 	C:\Windows\System32\sechost.dll
0x00007ff88eab0000 - 0x00007ff88ebd0000 	C:\Windows\System32\RPCRT4.dll
0x00007ff88cc80000 - 0x00007ff88cca7000 	C:\Windows\System32\bcrypt.dll
0x00007ff88d6b0000 - 0x00007ff88d71b000 	C:\Windows\System32\WS2_32.dll
0x00007ff88c420000 - 0x00007ff88c46b000 	C:\Windows\SYSTEM32\POWRPROF.dll
0x00007ff8795e0000 - 0x00007ff879607000 	C:\Windows\SYSTEM32\WINMM.dll
0x00007ff885040000 - 0x00007ff88504a000 	C:\Windows\SYSTEM32\VERSION.dll
0x00007ff88c400000 - 0x00007ff88c412000 	C:\Windows\SYSTEM32\UMPDC.dll
0x00007ff88add0000 - 0x00007ff88ade2000 	C:\Windows\SYSTEM32\kernel.appcore.dll
0x00007ff8874a0000 - 0x00007ff8874aa000 	c:\Users\Dell\.vscode\extensions\redhat.java-1.51.0-win32-x64\jre\21.0.9-win32-x86_64\bin\jimage.dll
0x00007ff88a2c0000 - 0x00007ff88a4c1000 	C:\Windows\SYSTEM32\DBGHELP.DLL
0x00007ff874910000 - 0x00007ff874944000 	C:\Windows\SYSTEM32\dbgcore.DLL
0x00007ff88c870000 - 0x00007ff88c8f2000 	C:\Windows\System32\bcryptPrimitives.dll
0x00007ff886af0000 - 0x00007ff886aff000 	c:\Users\Dell\.vscode\extensions\redhat.java-1.51.0-win32-x64\jre\21.0.9-win32-x86_64\bin\instrument.dll
0x00007ff886ad0000 - 0x00007ff886af0000 	c:\Users\Dell\.vscode\extensions\redhat.java-1.51.0-win32-x64\jre\21.0.9-win32-x86_64\bin\java.dll
0x00007ff88e290000 - 0x00007ff88ea00000 	C:\Windows\System32\SHELL32.dll
0x00007ff88a4f0000 - 0x00007ff88ac95000 	C:\Windows\SYSTEM32\windows.storage.dll
0x00007ff88d350000 - 0x00007ff88d6a4000 	C:\Windows\System32\combase.dll
0x00007ff88bf10000 - 0x00007ff88bf3b000 	C:\Windows\SYSTEM32\Wldp.dll
0x00007ff88d030000 - 0x00007ff88d0fd000 	C:\Windows\System32\OLEAUT32.dll
0x00007ff88dd70000 - 0x00007ff88de1d000 	C:\Windows\System32\SHCORE.dll
0x00007ff88db10000 - 0x00007ff88db6b000 	C:\Windows\System32\shlwapi.dll
0x00007ff88c4f0000 - 0x00007ff88c514000 	C:\Windows\SYSTEM32\profapi.dll
0x00007ff886a70000 - 0x00007ff886a88000 	c:\Users\Dell\.vscode\extensions\redhat.java-1.51.0-win32-x64\jre\21.0.9-win32-x86_64\bin\zip.dll
0x00007ff886ac0000 - 0x00007ff886ad0000 	C:\Users\Dell\.vscode\extensions\redhat.java-1.51.0-win32-x64\jre\21.0.9-win32-x86_64\bin\net.dll
0x00007ff880fa0000 - 0x00007ff8810aa000 	C:\Windows\SYSTEM32\WINHTTP.dll
0x00007ff88bc70000 - 0x00007ff88bcda000 	C:\Windows\system32\mswsock.dll
0x00007ff8850f0000 - 0x00007ff885106000 	C:\Users\Dell\.vscode\extensions\redhat.java-1.51.0-win32-x64\jre\21.0.9-win32-x86_64\bin\nio.dll
0x00007ff886a60000 - 0x00007ff886a70000 	c:\Users\Dell\.vscode\extensions\redhat.java-1.51.0-win32-x64\jre\21.0.9-win32-x86_64\bin\verify.dll
0x00007ff8772c0000 - 0x00007ff877304000 	C:\Users\Dell\AppData\Roaming\Code\User\globalStorage\redhat.java\1.51.0\config_win\org.eclipse.equinox.launcher\org.eclipse.equinox.launcher.win32.win32.x86_64_1.2.1400.v20250801-0854\eclipse_11916.dll
0x00007ff88dbe0000 - 0x00007ff88dd0b000 	C:\Windows\System32\ole32.dll
0x00007ff88be70000 - 0x00007ff88be88000 	C:\Windows\SYSTEM32\CRYPTSP.dll
0x00007ff88b590000 - 0x00007ff88b5c8000 	C:\Windows\system32\rsaenh.dll
0x00007ff88c4b0000 - 0x00007ff88c4de000 	C:\Windows\SYSTEM32\USERENV.dll
0x00007ff88be60000 - 0x00007ff88be6c000 	C:\Windows\SYSTEM32\CRYPTBASE.dll
0x00007ff88b950000 - 0x00007ff88b98b000 	C:\Windows\SYSTEM32\IPHLPAPI.DLL
0x00007ff88ed60000 - 0x00007ff88ed68000 	C:\Windows\System32\NSI.dll
0x00007ff877270000 - 0x00007ff8772b9000 	C:\Users\Dell\AppData\Local\Temp\jna-2126305\jna13371985407872812295.dll
0x00007ff88d880000 - 0x00007ff88d888000 	C:\Windows\System32\PSAPI.DLL
0x00007ff881290000 - 0x00007ff8812a7000 	C:\Windows\SYSTEM32\dhcpcsvc6.DLL
0x00007ff882710000 - 0x00007ff88272d000 	C:\Windows\SYSTEM32\dhcpcsvc.DLL

JVMTI agents:
c:\Users\Dell\.vscode\extensions\redhat.java-1.51.0-win32-x64\lombok\lombok-1.18.39-4050.jar path:c:\Users\Dell\.vscode\extensions\redhat.java-1.51.0-win32-x64\jre\21.0.9-win32-x86_64\bin\instrument.dll, loaded, initialized, instrumentlib options:none

dbghelp: loaded successfully - version: 4.0.5 - missing functions: none
symbol engine: initialized successfully - sym options: 0x614 - pdb path: .;c:\Users\Dell\.vscode\extensions\redhat.java-1.51.0-win32-x64\jre\21.0.9-win32-x86_64\bin;C:\Windows\SYSTEM32;C:\Windows\WinSxS\amd64_microsoft.windows.common-controls_6595b64144ccf1df_6.0.19041.6456_none_60b8a6cb71f64256;c:\Users\Dell\.vscode\extensions\redhat.java-1.51.0-win32-x64\jre\21.0.9-win32-x86_64\bin\server;C:\Users\Dell\AppData\Roaming\Code\User\globalStorage\redhat.java\1.51.0\config_win\org.eclipse.equinox.launcher\org.eclipse.equinox.launcher.win32.win32.x86_64_1.2.1400.v20250801-0854;C:\Users\Dell\AppData\Local\Temp\jna-2126305

VM Arguments:
jvm_args: --add-modules=ALL-SYSTEM --add-opens=java.base/java.util=ALL-UNNAMED --add-opens=java.base/java.lang=ALL-UNNAMED --add-opens=java.base/sun.nio.fs=ALL-UNNAMED -Declipse.application=org.eclipse.jdt.ls.core.id1 -Dosgi.bundles.defaultStartLevel=4 -Declipse.product=org.eclipse.jdt.ls.core.product -Djava.import.generatesMetadataFilesAtProjectRoot=false -DDetectVMInstallationsJob.disabled=true -Dfile.encoding=utf8 -XX:+UseParallelGC -XX:GCTimeRatio=4 -XX:AdaptiveSizePolicyWeight=90 -Dsun.zip.disableMemoryMapping=true -Xmx2G -Xms100m -Xlog:disable -javaagent:c:\Users\Dell\.vscode\extensions\redhat.java-1.51.0-win32-x64\lombok\lombok-1.18.39-4050.jar -XX:+HeapDumpOnOutOfMemoryError -XX:HeapDumpPath=c:\Users\Dell\AppData\Roaming\Code\User\workspaceStorage\46e6653c29ec367ecc32eb058086436c\redhat.java -Daether.dependencyCollector.impl=bf 
java_command: c:\Users\Dell\.vscode\extensions\redhat.java-1.51.0-win32-x64\server\plugins\org.eclipse.equinox.launcher_1.7.100.v20251111-0406.jar -configuration c:\Users\Dell\AppData\Roaming\Code\User\globalStorage\redhat.java\1.51.0\config_win -data c:\Users\Dell\AppData\Roaming\Code\User\workspaceStorage\46e6653c29ec367ecc32eb058086436c\redhat.java\jdt_ws --pipe=\\.\pipe\lsp-29664c7017d39d46fac1d46fbbedb916-sock
java_class_path (initial): c:\Users\Dell\.vscode\extensions\redhat.java-1.51.0-win32-x64\server\plugins\org.eclipse.equinox.launcher_1.7.100.v20251111-0406.jar
Launcher Type: SUN_STANDARD

[Global flags]
    uintx AdaptiveSizePolicyWeight                 = 90                                        {product} {command line}
     intx CICompilerCount                          = 3                                         {product} {ergonomic}
    uintx GCTimeRatio                              = 4                                         {product} {command line}
     bool HeapDumpOnOutOfMemoryError               = true                                   {manageable} {command line}
    ccstr HeapDumpPath                             = c:\Users\Dell\AppData\Roaming\Code\User\workspaceStorage\46e6653c29ec367ecc32eb058086436c\redhat.java         {manageable} {command line}
   size_t InitialHeapSize                          = 104857600                                 {product} {command line}
   size_t MaxHeapSize                              = 2147483648                                {product} {command line}
   size_t MaxNewSize                               = 715653120                                 {product} {ergonomic}
   size_t MinHeapDeltaBytes                        = 524288                                    {product} {ergonomic}
   size_t MinHeapSize                              = 104857600                                 {product} {command line}
   size_t NewSize                                  = 34603008                                  {product} {ergonomic}
    uintx NonNMethodCodeHeapSize                   = 5832780                                {pd product} {ergonomic}
    uintx NonProfiledCodeHeapSize                  = 122912730                              {pd product} {ergonomic}
   size_t OldSize                                  = 70254592                                  {product} {ergonomic}
    uintx ProfiledCodeHeapSize                     = 122912730                              {pd product} {ergonomic}
    uintx ReservedCodeCacheSize                    = 251658240                              {pd product} {ergonomic}
     bool SegmentedCodeCache                       = true                                      {product} {ergonomic}
   size_t SoftMaxHeapSize                          = 2147483648                             {manageable} {ergonomic}
     bool UseCompressedOops                        = true                           {product lp64_product} {ergonomic}
     bool UseLargePagesIndividualAllocation        = false                                  {pd product} {ergonomic}
     bool UseParallelGC                            = true                                      {product} {command line}

Logging:
Log output configuration:
 #0: stdout all=off uptime,level,tags foldmultilines=false
 #1: stderr all=off uptime,level,tags foldmultilines=false

Release file:
JAVA_VERSION="21.0.9" 
MODULES="java.base java.compiler java.datatransfer java.xml java.prefs java.desktop java.instrument java.logging java.management java.security.sasl java.naming java.rmi java.management.rmi java.net.http java.scripting java.security.jgss java.transaction.xa java.sql java.sql.rowset java.xml.crypto java.se java.smartcardio jdk.accessibility jdk.internal.jvmstat jdk.attach jdk.charsets jdk.internal.opt jdk.zipfs jdk.compiler jdk.crypto.ec jdk.crypto.cryptoki jdk.crypto.mscapi jdk.dynalink jdk.internal.ed jdk.editpad jdk.hotspot.agent jdk.httpserver jdk.internal.le jdk.internal.vm.ci jdk.internal.vm.compiler jdk.internal.vm.compiler.management jdk.jartool jdk.javadoc jdk.jcmd jdk.management jdk.management.agent jdk.jconsole jdk.jdeps jdk.jdwp.agent jdk.jdi jdk.jfr jdk.jshell jdk.jsobject jdk.jstatd jdk.localedata jdk.management.jfr jdk.naming.dns jdk.naming.rmi jdk.net jdk.nio.mapmode jdk.random jdk.sctp jdk.security.auth jdk.security.jgss jdk.unsupported jdk.unsupported.desktop jdk.xml.dom" 

Environment Variables:
JAVA_HOME=C:\Program Files\Java\jdk-25
PATH=C:\Program Files\Common Files\Oracle\Java\javapath;C:\Program Files\Python313\Scripts\;C:\Program Files\Python313\;C:\Windows\system32;C:\Windows;C:\Windows\System32\Wbem;C:\Windows\System32\WindowsPowerShell\v1.0\;C:\Windows\System32\OpenSSH\;C:\Program Files\Git\cmd;C:\Program Files (x86)\Microsoft SQL Server\160\Tools\Binn\;C:\Program Files\Microsoft SQL Server\160\Tools\Binn\;C:\Program Files\Microsoft SQL Server\Client SDK\ODBC\170\Tools\Binn\;C:\Program Files\Microsoft SQL Server\160\DTS\Binn\;C:\Program Files\DAX Studio;C:\MinGW\bin;C:\apache-maven-3.9.11\bin;C:\Program Files\MySQL\MySQL Shell 8.0\bin\;C:\Users\Dell\AppData\Local\Microsoft\WindowsApps;C:\Users\Dell\AppData\Local\Programs\Microsoft VS Code\bin;C:\Users\Dell\AppData\Roaming\Python\Python313\Scripts;C:\Users\Dell\AppData\Roaming\Python\Python313\Scripts;C:\Program Files\Java\jdk-25\bin;
USERNAME=Dell
OS=Windows_NT
PROCESSOR_IDENTIFIER=Intel64 Family 6 Model 78 Stepping 3, GenuineIntel
TMP=C:\Users\Dell\AppData\Local\Temp
TEMP=C:\Users\Dell\AppData\Local\Temp




Periodic native trim disabled

---------------  S Y S T E M  ---------------

OS:
 Windows 10 , 64 bit Build 19041 (10.0.19041.5915)
OS uptime: 6 days 19:52 hours

CPU: total 4 (initial active 4) (2 cores per cpu, 2 threads per core) family 6 model 78 stepping 3 microcode 0xdc, cx8, cmov, fxsr, ht, mmx, 3dnowpref, sse, sse2, sse3, ssse3, sse4.1, sse4.2, popcnt, lzcnt, tsc, tscinvbit, avx, avx2, aes, erms, clmul, bmi1, bmi2, adx, fma, vzeroupper, clflush, clflushopt, rdtscp, f16c
Processor Information for processor 0
  Max Mhz: 2000, Current Mhz: 1500, Mhz Limit: 2000
Processor Information for processor 1
  Max Mhz: 2000, Current Mhz: 2000, Mhz Limit: 2000
Processor Information for processor 2
  Max Mhz: 2000, Current Mhz: 2000, Mhz Limit: 2000
Processor Information for processor 3
  Max Mhz: 2000, Current Mhz: 2000, Mhz Limit: 2000

Memory: 4k page, system-wide physical 8090M (275M free)
TotalPageFile size 22316M (AvailPageFile size 1M)
current process WorkingSet (physical memory assigned to process): 389M, peak: 407M
current process commit charge ("private bytes"): 415M, peak: 1637M

vm_info: OpenJDK 64-Bit Server VM (21.0.9+10-LTS) for windows-amd64 JRE (21.0.9+10-LTS), built on 2025-10-21T00:00:00Z by "admin" with unknown MS VC++:1942

END.
